
> frontend@0.0.0 typecheck
> tsc --noEmit

src/hooks/useZodForm.ts(11,31): error TS2769: No overload matches this call.
  Overload 1 of 4, '(schema: Zod3Type<any, FieldValues>, schemaOptions?: ParseParams | undefined, resolverOptions?: NonRawResolverOptions | undefined): Resolver<...>', gave the following error.
    Argument of type 'ZodType<any, unknown, $ZodTypeInternals<any, unknown>>' is not assignable to parameter of type 'Zod3Type<any, FieldValues>'.
      Types of property '_input' are incompatible.
        Type 'unknown' is not assignable to type 'FieldValues'.
  Overload 2 of 4, '(schema: $ZodType<unknown, FieldValues, $ZodTypeInternals<unknown, FieldValues>>, schemaOptions?: ParseContext<$ZodIssue> | undefined, resolverOptions?: NonRawResolverOptions | undefined): Resolver<...>', gave the following error.
    Argument of type 'ZodType<any, unknown, $ZodTypeInternals<any, unknown>>' is not assignable to parameter of type '$ZodType<unknown, FieldValues, $ZodTypeInternals<unknown, FieldValues>>'.
      Types of property '_zod' are incompatible.
        Type '$ZodTypeInternals<any, unknown>' is not assignable to type '$ZodTypeInternals<unknown, FieldValues>'.
          Type 'unknown' is not assignable to type 'FieldValues'.
src/pages/__tests__/JobsPage.test.tsx(399,11): error TS6133: 'user' is declared but its value is never read.
src/pages/__tests__/JobsPage.test.tsx(487,11): error TS2304: Cannot find name 'user'.
src/pages/__tests__/JobsPage.test.tsx(491,11): error TS2304: Cannot find name 'user'.
src/pages/AdvicePage.tsx(87,12): error TS6133: 'setLoading' is declared but its value is never read.
src/pages/AdvicePage.tsx(88,10): error TS6133: 'selectedAdvisor' is declared but its value is never read.
src/pages/AdvicePage.tsx(271,35): error TS6133: 'advisorId' is declared but its value is never read.
src/pages/AdvicePage.tsx(284,33): error TS6133: 'assessmentId' is declared but its value is never read.
src/pages/ApplicationsPage.tsx(16,3): error TS6133: 'Clock' is declared but its value is never read.
src/pages/ApplicationsPage.tsx(19,3): error TS6133: 'Filter' is declared but its value is never read.
src/pages/ApplicationsPage.tsx(21,3): error TS6133: 'MoreVertical' is declared but its value is never read.
src/pages/ApplicationsPage.tsx(24,3): error TS6133: 'Eye' is declared but its value is never read.
src/pages/ApplicationsPage.tsx(25,3): error TS6133: 'Edit' is declared but its value is never read.
src/pages/ApplicationsPage.tsx(26,3): error TS6133: 'AlertTriangle' is declared but its value is never read.
src/pages/ApplicationsPage.tsx(44,10): error TS6133: 'selectedApplication' is declared but its value is never read.
src/pages/ApplicationsPage.tsx(44,31): error TS6133: 'setSelectedApplication' is declared but its value is never read.
src/pages/ApplicationsPage.tsx(71,9): error TS6133: 'handleWithdraw' is declared but its value is never read.
src/pages/CookiePolicyPage.tsx(1,1): error TS6133: 'React' is declared but its value is never read.
src/pages/DashboardPage.tsx(12,3): error TS6133: 'Bell' is declared but its value is never read.
src/pages/DashboardPage.tsx(19,3): error TS6133: 'Calendar' is declared but its value is never read.
src/pages/DashboardPage.tsx(28,3): error TS6133: 'FileText' is declared but its value is never read.
src/pages/DashboardPage.tsx(37,3): error TS6133: 'Trash2' is declared but its value is never read.
src/pages/DashboardPage.tsx(38,3): error TS6133: 'Ban' is declared but its value is never read.
src/pages/DashboardPage.tsx(47,3): error TS6133: 'TrendingDown' is declared but its value is never read.
src/pages/DashboardPage.tsx(49,3): error TS6133: 'ArrowDownRight' is declared but its value is never read.
src/pages/DashboardPage.tsx(76,9): error TS6133: 'recentApplications' is declared but its value is never read.
src/pages/DashboardPage.tsx(153,19): error TS2367: This comparison appears to be unintentional because the types '"employer" | "jobseeker"' and '"admin"' have no overlap.
src/pages/DashboardPage.tsx(299,29): error TS6133: 'userId' is declared but its value is never read.
src/pages/DashboardPage.tsx(299,45): error TS6133: 'action' is declared but its value is never read.
src/pages/DashboardPage.tsx(303,28): error TS6133: 'jobId' is declared but its value is never read.
src/pages/DashboardPage.tsx(303,43): error TS6133: 'action' is declared but its value is never read.
src/pages/DashboardPage.tsx(823,32): error TS6133: 'filters' is declared but its value is never read.
src/pages/DashboardPage.tsx(861,34): error TS6133: 'filters' is declared but its value is never read.
src/pages/EmployersPage.tsx(1,1): error TS6133: 'React' is declared but its value is never read.
src/pages/JobApplicationsManagementPage.tsx(3,29): error TS6133: 'CardHeader' is declared but its value is never read.
src/pages/JobApplicationsManagementPage.tsx(3,41): error TS6133: 'CardTitle' is declared but its value is never read.
src/pages/JobApplicationsManagementPage.tsx(12,3): error TS6133: 'Filter' is declared but its value is never read.
src/pages/JobApplicationsManagementPage.tsx(26,3): error TS6133: 'Archive' is declared but its value is never read.
src/pages/JobApplicationsManagementPage.tsx(27,3): error TS6133: 'MoreVertical' is declared but its value is never read.
src/pages/JobApplicationsManagementPage.tsx(259,11): error TS6133: 'csvContent' is declared but its value is never read.
src/pages/JobManagementPage.tsx(3,29): error TS6133: 'CardHeader' is declared but its value is never read.
src/pages/JobManagementPage.tsx(3,41): error TS6133: 'CardTitle' is declared but its value is never read.
src/pages/JobManagementPage.tsx(12,3): error TS6133: 'Filter' is declared but its value is never read.
src/pages/JobManagementPage.tsx(16,3): error TS6133: 'BarChart3' is declared but its value is never read.
src/pages/JobManagementPage.tsx(28,3): error TS6133: 'Download' is declared but its value is never read.
src/pages/JobManagementPage.tsx(29,3): error TS6133: 'Share' is declared but its value is never read.
src/pages/JobManagementPage.tsx(64,9): error TS6133: 'user' is declared but its value is never read.
src/pages/JobPage.tsx(1,8): error TS6133: 'React' is declared but its value is never read.
src/pages/JobPage.tsx(12,10): error TS6133: 'loading' is declared but its value is never read.
src/pages/JobPage.tsx(13,10): error TS6133: 'error' is declared but its value is never read.
src/pages/JobPage.tsx(56,19): error TS2322: Type '{ key: string; jobTitle: string; jobImg: string; jobSchedule: string; jobType: string; jobShedule: string; }' is not assignable to type 'IntrinsicAttributes & Pick<MiniJobCardProps, keyof MiniJobCardProps> & Pick<InferProps<{ jobImg: Requireable<string>; jobTitle: Validator<...>; jobType: Validator<...>; jobSchedule: Validator<...>; }>, never> & Pick<...>'.
  Property 'jobShedule' does not exist on type 'IntrinsicAttributes & Pick<MiniJobCardProps, keyof MiniJobCardProps> & Pick<InferProps<{ jobImg: Requireable<string>; jobTitle: Validator<...>; jobType: Validator<...>; jobSchedule: Validator<...>; }>, never> & Pick<...>'. Did you mean 'jobSchedule'?
src/pages/JobsPage.tsx(78,10): error TS6133: 'showLocationSuggestions' is declared but its value is never read.
src/pages/JobsPage.tsx(109,9): error TS6133: 'watchedLocation' is declared but its value is never read.
src/pages/JobsPage.tsx(183,20): error TS2345: Argument of type '{ jobTitle: any; company: any; location: string; salary: { min: any; max: any; currency: string; } | undefined; jobUrl: string; }' is not assignable to parameter of type 'Omit<JobApplication, "id" | "appliedDate" | "lastUpdated">'.
  Property 'status' is missing in type '{ jobTitle: any; company: any; location: string; salary: { min: any; max: any; currency: string; } | undefined; jobUrl: string; }' but required in type 'Omit<JobApplication, "id" | "appliedDate" | "lastUpdated">'.
src/pages/JobsPage.tsx(211,9): error TS6133: 'handleLocationSuggestionSelect' is declared but its value is never read.
src/pages/JobsPage.tsx(577,13): error TS2322: Type '(query: string, location: string) => void' is not assignable to type '(query: string, location?: string | undefined) => void'.
  Types of parameters 'location' and 'location' are incompatible.
    Type 'string | undefined' is not assignable to type 'string'.
      Type 'undefined' is not assignable to type 'string'.
src/pages/PricingInformationPage.tsx(65,32): error TS7006: Parameter 'pkg' implicitly has an 'any' type.
src/pages/ResetPasswordPage.tsx(36,34): error TS7006: Parameter 'data' implicitly has an 'any' type.
src/pages/ResetPasswordPage.tsx(61,18): error TS18046: 'error' is of type 'unknown'.
src/pages/ResetPasswordPage.tsx(66,32): error TS7006: Parameter 'data' implicitly has an 'any' type.
src/pages/ResetPasswordPage.tsx(94,18): error TS18046: 'error' is of type 'unknown'.
src/pages/ResetPasswordPage.tsx(169,39): error TS2322: Type '{ size: string; }' is not assignable to type 'IntrinsicAttributes & LoadingSpinnerProps'.
  Property 'size' does not exist on type 'IntrinsicAttributes & LoadingSpinnerProps'.
src/pages/ResetPasswordPage.tsx(230,39): error TS2322: Type '{ size: string; }' is not assignable to type 'IntrinsicAttributes & LoadingSpinnerProps'.
  Property 'size' does not exist on type 'IntrinsicAttributes & LoadingSpinnerProps'.
src/pages/ResumeUpload.tsx(22,10): error TS6133: 'user' is declared but its value is never read.
src/pages/ResumeUpload.tsx(81,35): error TS7006: Parameter 'event' implicitly has an 'any' type.
src/pages/ResumeUpload.tsx(110,13): error TS6133: 'resumeData' is declared but its value is never read.
src/pages/ResumeUpload.tsx(123,22): error TS18046: 'error' is of type 'unknown'.
src/pages/ResumeUpload.tsx(142,22): error TS18046: 'error' is of type 'unknown'.
src/pages/ResumeUpload.tsx(148,37): error TS7006: Parameter 'newName' implicitly has an 'any' type.
src/pages/ResumeUpload.tsx(158,22): error TS18046: 'error' is of type 'unknown'.
src/pages/ResumeUpload.tsx(165,35): error TS6133: 'analysis' is declared but its value is never read.
src/pages/ResumeUpload.tsx(165,35): error TS7006: Parameter 'analysis' implicitly has an 'any' type.
src/pages/ResumeUpload.tsx(333,17): error TS2322: Type 'null' is not assignable to type 'File | undefined'.
src/pages/SignupPage.tsx(214,57): error TS2322: Type 'string | FieldError | Merge<FieldError, FieldErrorsImpl<any>> | undefined' is not assignable to type 'ReactNode'.
  Type 'FieldError' is not assignable to type 'ReactNode'.
    Type 'FieldError' is missing the following properties from type 'ReactPortal': children, props, key
src/pages/SignupPage.tsx(244,57): error TS2322: Type 'string | FieldError | Merge<FieldError, FieldErrorsImpl<any>> | undefined' is not assignable to type 'ReactNode'.
  Type 'FieldError' is not assignable to type 'ReactNode'.
    Type 'FieldError' is missing the following properties from type 'ReactPortal': children, props, key
src/pages/UserProfilePage.tsx(613,49): error TS2339: Property 'city' does not exist on type 'FieldError | Merge<FieldError, FieldErrorsImpl<any>>'.
  Property 'city' does not exist on type 'FieldError'.
src/pages/UserProfilePage.tsx(620,49): error TS2339: Property 'state' does not exist on type 'FieldError | Merge<FieldError, FieldErrorsImpl<any>>'.
  Property 'state' does not exist on type 'FieldError'.
src/pages/UserProfilePage.tsx(635,31): error TS2322: Type 'string | FieldError | Merge<FieldError, FieldErrorsImpl<any>> | undefined' is not assignable to type 'ReactNode'.
  Type 'FieldError' is not assignable to type 'ReactNode'.
    Type 'FieldError' is missing the following properties from type 'ReactPortal': children, props, key
src/pages/UserProfilePage.tsx(1173,80): error TS2339: Property 'min' does not exist on type 'FieldError | Merge<FieldError, FieldErrorsImpl<any>>'.
  Property 'min' does not exist on type 'FieldError'.
src/pages/UserProfilePage.tsx(1181,80): error TS2339: Property 'max' does not exist on type 'FieldError | Merge<FieldError, FieldErrorsImpl<any>>'.
  Property 'max' does not exist on type 'FieldError'.
